<?xml version="1.0" encoding="UTF-8"?>
<!-- Generated by org.testng.reporters.JUnitXMLReporter -->
<testsuite ignored="0" hostname="MSI" failures="0" tests="2" name="Default test" time="11.973" errors="0" timestamp="2025-07-04T19:33:21 IST">
  <testcase classname="com.ui.test.TestBase" name="@AfterMethod tearDown" time="0.009">
    <failure type="java.lang.StackOverflowError">
      <![CDATA[java.lang.StackOverflowError
at com.ui.pages.HomePage.quit(HomePage.java:38)
at com.ui.pages.HomePage.quit(HomePage.java:38)
at com.ui.pages.HomePage.quit(HomePage.java:38)
at com.ui.pages.HomePage.quit(HomePage.java:38)
at com.ui.pages.HomePage.quit(HomePage.java:38)
at com.ui.pages.HomePage.quit(HomePage.java:38)
at com.ui.pages.HomePage.quit(HomePage.java:38)
at com.ui.pages.HomePage.quit(HomePage.java:38)
at com.ui.pages.HomePage.quit(HomePage.java:38)
at com.ui.pages.HomePage.quit(HomePage.java:38)
at com.ui.pages.HomePage.quit(HomePage.java:38)
at com.ui.pages.HomePage.quit(HomePage.java:38)
at com.ui.pages.HomePage.quit(HomePage.java:38)
at com.ui.pages.HomePage.quit(HomePage.java:38)
at com.ui.pages.HomePage.quit(HomePage.java:38)
at com.ui.pages.HomePage.quit(HomePage.java:38)
at com.ui.pages.HomePage.quit(HomePage.java:38)
at com.ui.pages.HomePage.quit(HomePage.java:38)
at com.ui.pages.HomePage.quit(HomePage.java:38)
at com.ui.pages.HomePage.quit(HomePage.java:38)
at com.ui.pages.HomePage.quit(HomePage.java:38)
at com.ui.pages.HomePage.quit(HomePage.java:38)
at com.ui.pages.HomePage.quit(HomePage.java:38)
at com.ui.pages.HomePage.quit(HomePage.java:38)
at com.ui.pages.HomePage.quit(HomePage.java:38)
at com.ui.pages.HomePage.quit(HomePage.java:38)
at com.ui.pages.HomePage.quit(HomePage.java:38)
at com.ui.pages.HomePage.quit(HomePage.java:38)
at com.ui.pages.HomePage.quit(HomePage.java:38)
at com.ui.pages.HomePage.quit(HomePage.java:38)
at com.ui.pages.HomePage.quit(HomePage.java:38)
at com.ui.pages.HomePage.quit(HomePage.java:38)
at com.ui.pages.HomePage.quit(HomePage.java:38)
at com.ui.pages.HomePage.quit(HomePage.java:38)
at com.ui.pages.HomePage.quit(HomePage.java:38)
at com.ui.pages.HomePage.quit(HomePage.java:38)
at com.ui.pages.HomePage.quit(HomePage.java:38)
at com.ui.pages.HomePage.quit(HomePage.java:38)
at com.ui.pages.HomePage.quit(HomePage.java:38)
at com.ui.pages.HomePage.quit(HomePage.java:38)
at com.ui.pages.HomePage.quit(HomePage.java:38)
at com.ui.pages.HomePage.quit(HomePage.java:38)
at com.ui.pages.HomePage.quit(HomePage.java:38)
at com.ui.pages.HomePage.quit(HomePage.java:38)
at com.ui.pages.HomePage.quit(HomePage.java:38)
at com.ui.pages.HomePage.quit(HomePage.java:38)
at com.ui.pages.HomePage.quit(HomePage.java:38)
at com.ui.pages.HomePage.quit(HomePage.java:38)
at com.ui.pages.HomePage.quit(HomePage.java:38)
at com.ui.pages.HomePage.quit(HomePage.java:38)
at com.ui.pages.HomePage.quit(HomePage.java:38)
at com.ui.pages.HomePage.quit(HomePage.java:38)
at com.ui.pages.HomePage.quit(HomePage.java:38)
at com.ui.pages.HomePage.quit(HomePage.java:38)
at com.ui.pages.HomePage.quit(HomePage.java:38)
at com.ui.pages.HomePage.quit(HomePage.java:38)
at com.ui.pages.HomePage.quit(HomePage.java:38)
at com.ui.pages.HomePage.quit(HomePage.java:38)
at com.ui.pages.HomePage.quit(HomePage.java:38)
at com.ui.pages.HomePage.quit(HomePage.java:38)
at com.ui.pages.HomePage.quit(HomePage.java:38)
at com.ui.pages.HomePage.quit(HomePage.java:38)
at com.ui.pages.HomePage.quit(HomePage.java:38)
at com.ui.pages.HomePage.quit(HomePage.java:38)
at com.ui.pages.HomePage.quit(HomePage.java:38)
at com.ui.pages.HomePage.quit(HomePage.java:38)
at com.ui.pages.HomePage.quit(HomePage.java:38)
at com.ui.pages.HomePage.quit(HomePage.java:38)
at com.ui.pages.HomePage.quit(HomePage.java:38)
at com.ui.pages.HomePage.quit(HomePage.java:38)
at com.ui.pages.HomePage.quit(HomePage.java:38)
at com.ui.pages.HomePage.quit(HomePage.java:38)
at com.ui.pages.HomePage.quit(HomePage.java:38)
at com.ui.pages.HomePage.quit(HomePage.java:38)
at com.ui.pages.HomePage.quit(HomePage.java:38)
at com.ui.pages.HomePage.quit(HomePage.java:38)
at com.ui.pages.HomePage.quit(HomePage.java:38)
at com.ui.pages.HomePage.quit(HomePage.java:38)
at com.ui.pages.HomePage.quit(HomePage.java:38)
at com.ui.pages.HomePage.quit(HomePage.java:38)
at com.ui.pages.HomePage.quit(HomePage.java:38)
at com.ui.pages.HomePage.quit(HomePage.java:38)
at com.ui.pages.HomePage.quit(HomePage.java:38)
at com.ui.pages.HomePage.quit(HomePage.java:38)
at com.ui.pages.HomePage.quit(HomePage.java:38)
at com.ui.pages.HomePage.quit(HomePage.java:38)
at com.ui.pages.HomePage.quit(HomePage.java:38)
at com.ui.pages.HomePage.quit(HomePage.java:38)
at com.ui.pages.HomePage.quit(HomePage.java:38)
at com.ui.pages.HomePage.quit(HomePage.java:38)
at com.ui.pages.HomePage.quit(HomePage.java:38)
at com.ui.pages.HomePage.quit(HomePage.java:38)
at com.ui.pages.HomePage.quit(HomePage.java:38)
at com.ui.pages.HomePage.quit(HomePage.java:38)
at com.ui.pages.HomePage.quit(HomePage.java:38)
at com.ui.pages.HomePage.quit(HomePage.java:38)
at com.ui.pages.HomePage.quit(HomePage.java:38)
at com.ui.pages.HomePage.quit(HomePage.java:38)
at com.ui.pages.HomePage.quit(HomePage.java:38)
at com.ui.pages.HomePage.quit(HomePage.java:38)
at com.ui.pages.HomePage.quit(HomePage.java:38)
at com.ui.pages.HomePage.quit(HomePage.java:38)
at com.ui.pages.HomePage.quit(HomePage.java:38)
at com.ui.pages.HomePage.quit(HomePage.java:38)
at com.ui.pages.HomePage.quit(HomePage.java:38)
at com.ui.pages.HomePage.quit(HomePage.java:38)
at com.ui.pages.HomePage.quit(HomePage.java:38)
at com.ui.pages.HomePage.quit(HomePage.java:38)
at com.ui.pages.HomePage.quit(HomePage.java:38)
at com.ui.pages.HomePage.quit(HomePage.java:38)
at com.ui.pages.HomePage.quit(HomePage.java:38)
at com.ui.pages.HomePage.quit(HomePage.java:38)
at com.ui.pages.HomePage.quit(HomePage.java:38)
at com.ui.pages.HomePage.quit(HomePage.java:38)
at com.ui.pages.HomePage.quit(HomePage.java:38)
at com.ui.pages.HomePage.quit(HomePage.java:38)
at com.ui.pages.HomePage.quit(HomePage.java:38)
at com.ui.pages.HomePage.quit(HomePage.java:38)
at com.ui.pages.HomePage.quit(HomePage.java:38)
at com.ui.pages.HomePage.quit(HomePage.java:38)
at com.ui.pages.HomePage.quit(HomePage.java:38)
at com.ui.pages.HomePage.quit(HomePage.java:38)
at com.ui.pages.HomePage.quit(HomePage.java:38)
at com.ui.pages.HomePage.quit(HomePage.java:38)
at com.ui.pages.HomePage.quit(HomePage.java:38)
at com.ui.pages.HomePage.quit(HomePage.java:38)
at com.ui.pages.HomePage.quit(HomePage.java:38)
at com.ui.pages.HomePage.quit(HomePage.java:38)
at com.ui.pages.HomePage.quit(HomePage.java:38)
at com.ui.pages.HomePage.quit(HomePage.java:38)
at com.ui.pages.HomePage.quit(HomePage.java:38)
at com.ui.pages.HomePage.quit(HomePage.java:38)
at com.ui.pages.HomePage.quit(HomePage.java:38)
at com.ui.pages.HomePage.quit(HomePage.java:38)
at com.ui.pages.HomePage.quit(HomePage.java:38)
at com.ui.pages.HomePage.quit(HomePage.java:38)
at com.ui.pages.HomePage.quit(HomePage.java:38)
at com.ui.pages.HomePage.quit(HomePage.java:38)
at com.ui.pages.HomePage.quit(HomePage.java:38)
at com.ui.pages.HomePage.quit(HomePage.java:38)
at com.ui.pages.HomePage.quit(HomePage.java:38)
at com.ui.pages.HomePage.quit(HomePage.java:38)
at com.ui.pages.HomePage.quit(HomePage.java:38)
at com.ui.pages.HomePage.quit(HomePage.java:38)
at com.ui.pages.HomePage.quit(HomePage.java:38)
at com.ui.pages.HomePage.quit(HomePage.java:38)
at com.ui.pages.HomePage.quit(HomePage.java:38)
at com.ui.pages.HomePage.quit(HomePage.java:38)
at com.ui.pages.HomePage.quit(HomePage.java:38)
at com.ui.pages.HomePage.quit(HomePage.java:38)
at com.ui.pages.HomePage.quit(HomePage.java:38)
at com.ui.pages.HomePage.quit(HomePage.java:38)
at com.ui.pages.HomePage.quit(HomePage.java:38)
at com.ui.pages.HomePage.quit(HomePage.java:38)
at com.ui.pages.HomePage.quit(HomePage.java:38)
at com.ui.pages.HomePage.quit(HomePage.java:38)
at com.ui.pages.HomePage.quit(HomePage.java:38)
at com.ui.pages.HomePage.quit(HomePage.java:38)
at com.ui.pages.HomePage.quit(HomePage.java:38)
at com.ui.pages.HomePage.quit(HomePage.java:38)
at com.ui.pages.HomePage.quit(HomePage.java:38)
at com.ui.pages.HomePage.quit(HomePage.java:38)
at com.ui.pages.HomePage.quit(HomePage.java:38)
at com.ui.pages.HomePage.quit(HomePage.java:38)
at com.ui.pages.HomePage.quit(HomePage.java:38)
at com.ui.pages.HomePage.quit(HomePage.java:38)
at com.ui.pages.HomePage.quit(HomePage.java:38)
at com.ui.pages.HomePage.quit(HomePage.java:38)
at com.ui.pages.HomePage.quit(HomePage.java:38)
at com.ui.pages.HomePage.quit(HomePage.java:38)
at com.ui.pages.HomePage.quit(HomePage.java:38)
at com.ui.pages.HomePage.quit(HomePage.java:38)
at com.ui.pages.HomePage.quit(HomePage.java:38)
at com.ui.pages.HomePage.quit(HomePage.java:38)
at com.ui.pages.HomePage.quit(HomePage.java:38)
at com.ui.pages.HomePage.quit(HomePage.java:38)
at com.ui.pages.HomePage.quit(HomePage.java:38)
at com.ui.pages.HomePage.quit(HomePage.java:38)
at com.ui.pages.HomePage.quit(HomePage.java:38)
at com.ui.pages.HomePage.quit(HomePage.java:38)
at com.ui.pages.HomePage.quit(HomePage.java:38)
at com.ui.pages.HomePage.quit(HomePage.java:38)
at com.ui.pages.HomePage.quit(HomePage.java:38)
at com.ui.pages.HomePage.quit(HomePage.java:38)
at com.ui.pages.HomePage.quit(HomePage.java:38)
at com.ui.pages.HomePage.quit(HomePage.java:38)
at com.ui.pages.HomePage.quit(HomePage.java:38)
at com.ui.pages.HomePage.quit(HomePage.java:38)
at com.ui.pages.HomePage.quit(HomePage.java:38)
at com.ui.pages.HomePage.quit(HomePage.java:38)
at com.ui.pages.HomePage.quit(HomePage.java:38)
at com.ui.pages.HomePage.quit(HomePage.java:38)
at com.ui.pages.HomePage.quit(HomePage.java:38)
at com.ui.pages.HomePage.quit(HomePage.java:38)
at com.ui.pages.HomePage.quit(HomePage.java:38)
at com.ui.pages.HomePage.quit(HomePage.java:38)
at com.ui.pages.HomePage.quit(HomePage.java:38)
at com.ui.pages.HomePage.quit(HomePage.java:38)
at com.ui.pages.HomePage.quit(HomePage.java:38)
at com.ui.pages.HomePage.quit(HomePage.java:38)
at com.ui.pages.HomePage.quit(HomePage.java:38)
at com.ui.pages.HomePage.quit(HomePage.java:38)
at com.ui.pages.HomePage.quit(HomePage.java:38)
at com.ui.pages.HomePage.quit(HomePage.java:38)
at com.ui.pages.HomePage.quit(HomePage.java:38)
at com.ui.pages.HomePage.quit(HomePage.java:38)
at com.ui.pages.HomePage.quit(HomePage.java:38)
at com.ui.pages.HomePage.quit(HomePage.java:38)
at com.ui.pages.HomePage.quit(HomePage.java:38)
at com.ui.pages.HomePage.quit(HomePage.java:38)
at com.ui.pages.HomePage.quit(HomePage.java:38)
at com.ui.pages.HomePage.quit(HomePage.java:38)
at com.ui.pages.HomePage.quit(HomePage.java:38)
at com.ui.pages.HomePage.quit(HomePage.java:38)
at com.ui.pages.HomePage.quit(HomePage.java:38)
at com.ui.pages.HomePage.quit(HomePage.java:38)
at com.ui.pages.HomePage.quit(HomePage.java:38)
at com.ui.pages.HomePage.quit(HomePage.java:38)
at com.ui.pages.HomePage.quit(HomePage.java:38)
at com.ui.pages.HomePage.quit(HomePage.java:38)
at com.ui.pages.HomePage.quit(HomePage.java:38)
at com.ui.pages.HomePage.quit(HomePage.java:38)
at com.ui.pages.HomePage.quit(HomePage.java:38)
at com.ui.pages.HomePage.quit(HomePage.java:38)
at com.ui.pages.HomePage.quit(HomePage.java:38)
at com.ui.pages.HomePage.quit(HomePage.java:38)
at com.ui.pages.HomePage.quit(HomePage.java:38)
at com.ui.pages.HomePage.quit(HomePage.java:38)
at com.ui.pages.HomePage.quit(HomePage.java:38)
at com.ui.pages.HomePage.quit(HomePage.java:38)
at com.ui.pages.HomePage.quit(HomePage.java:38)
at com.ui.pages.HomePage.quit(HomePage.java:38)
at com.ui.pages.HomePage.quit(HomePage.java:38)
at com.ui.pages.HomePage.quit(HomePage.java:38)
at com.ui.pages.HomePage.quit(HomePage.java:38)
at com.ui.pages.HomePage.quit(HomePage.java:38)
at com.ui.pages.HomePage.quit(HomePage.java:38)
at com.ui.pages.HomePage.quit(HomePage.java:38)
at com.ui.pages.HomePage.quit(HomePage.java:38)
at com.ui.pages.HomePage.quit(HomePage.java:38)
at com.ui.pages.HomePage.quit(HomePage.java:38)
at com.ui.pages.HomePage.quit(HomePage.java:38)
at com.ui.pages.HomePage.quit(HomePage.java:38)
at com.ui.pages.HomePage.quit(HomePage.java:38)
at com.ui.pages.HomePage.quit(HomePage.java:38)
at com.ui.pages.HomePage.quit(HomePage.java:38)
at com.ui.pages.HomePage.quit(HomePage.java:38)
at com.ui.pages.HomePage.quit(HomePage.java:38)
at com.ui.pages.HomePage.quit(HomePage.java:38)
at com.ui.pages.HomePage.quit(HomePage.java:38)
at com.ui.pages.HomePage.quit(HomePage.java:38)
at com.ui.pages.HomePage.quit(HomePage.java:38)
at com.ui.pages.HomePage.quit(HomePage.java:38)
at com.ui.pages.HomePage.quit(HomePage.java:38)
at com.ui.pages.HomePage.quit(HomePage.java:38)
at com.ui.pages.HomePage.quit(HomePage.java:38)
at com.ui.pages.HomePage.quit(HomePage.java:38)
at com.ui.pages.HomePage.quit(HomePage.java:38)
at com.ui.pages.HomePage.quit(HomePage.java:38)
at com.ui.pages.HomePage.quit(HomePage.java:38)
at com.ui.pages.HomePage.quit(HomePage.java:38)
at com.ui.pages.HomePage.quit(HomePage.java:38)
at com.ui.pages.HomePage.quit(HomePage.java:38)
at com.ui.pages.HomePage.quit(HomePage.java:38)
at com.ui.pages.HomePage.quit(HomePage.java:38)
at com.ui.pages.HomePage.quit(HomePage.java:38)
at com.ui.pages.HomePage.quit(HomePage.java:38)
at com.ui.pages.HomePage.quit(HomePage.java:38)
at com.ui.pages.HomePage.quit(HomePage.java:38)
at com.ui.pages.HomePage.quit(HomePage.java:38)
at com.ui.pages.HomePage.quit(HomePage.java:38)
at com.ui.pages.HomePage.quit(HomePage.java:38)
at com.ui.pages.HomePage.quit(HomePage.java:38)
at com.ui.pages.HomePage.quit(HomePage.java:38)
at com.ui.pages.HomePage.quit(HomePage.java:38)
at com.ui.pages.HomePage.quit(HomePage.java:38)
at com.ui.pages.HomePage.quit(HomePage.java:38)
at com.ui.pages.HomePage.quit(HomePage.java:38)
at com.ui.pages.HomePage.quit(HomePage.java:38)
at com.ui.pages.HomePage.quit(HomePage.java:38)
at com.ui.pages.HomePage.quit(HomePage.java:38)
at com.ui.pages.HomePage.quit(HomePage.java:38)
at com.ui.pages.HomePage.quit(HomePage.java:38)
at com.ui.pages.HomePage.quit(HomePage.java:38)
at com.ui.pages.HomePage.quit(HomePage.java:38)
at com.ui.pages.HomePage.quit(HomePage.java:38)
at com.ui.pages.HomePage.quit(HomePage.java:38)
at com.ui.pages.HomePage.quit(HomePage.java:38)
at com.ui.pages.HomePage.quit(HomePage.java:38)
at com.ui.pages.HomePage.quit(HomePage.java:38)
at com.ui.pages.HomePage.quit(HomePage.java:38)
at com.ui.pages.HomePage.quit(HomePage.java:38)
at com.ui.pages.HomePage.quit(HomePage.java:38)
at com.ui.pages.HomePage.quit(HomePage.java:38)
at com.ui.pages.HomePage.quit(HomePage.java:38)
at com.ui.pages.HomePage.quit(HomePage.java:38)
at com.ui.pages.HomePage.quit(HomePage.java:38)
at com.ui.pages.HomePage.quit(HomePage.java:38)
at com.ui.pages.HomePage.quit(HomePage.java:38)
at com.ui.pages.HomePage.quit(HomePage.java:38)
at com.ui.pages.HomePage.quit(HomePage.java:38)
at com.ui.pages.HomePage.quit(HomePage.java:38)
at com.ui.pages.HomePage.quit(HomePage.java:38)
at com.ui.pages.HomePage.quit(HomePage.java:38)
at com.ui.pages.HomePage.quit(HomePage.java:38)
at com.ui.pages.HomePage.quit(HomePage.java:38)
at com.ui.pages.HomePage.quit(HomePage.java:38)
at com.ui.pages.HomePage.quit(HomePage.java:38)
at com.ui.pages.HomePage.quit(HomePage.java:38)
at com.ui.pages.HomePage.quit(HomePage.java:38)
at com.ui.pages.HomePage.quit(HomePage.java:38)
at com.ui.pages.HomePage.quit(HomePage.java:38)
at com.ui.pages.HomePage.quit(HomePage.java:38)
at com.ui.pages.HomePage.quit(HomePage.java:38)
at com.ui.pages.HomePage.quit(HomePage.java:38)
at com.ui.pages.HomePage.quit(HomePage.java:38)
at com.ui.pages.HomePage.quit(HomePage.java:38)
at com.ui.pages.HomePage.quit(HomePage.java:38)
at com.ui.pages.HomePage.quit(HomePage.java:38)
at com.ui.pages.HomePage.quit(HomePage.java:38)
at com.ui.pages.HomePage.quit(HomePage.java:38)
at com.ui.pages.HomePage.quit(HomePage.java:38)
at com.ui.pages.HomePage.quit(HomePage.java:38)
at com.ui.pages.HomePage.quit(HomePage.java:38)
at com.ui.pages.HomePage.quit(HomePage.java:38)
at com.ui.pages.HomePage.quit(HomePage.java:38)
at com.ui.pages.HomePage.quit(HomePage.java:38)
at com.ui.pages.HomePage.quit(HomePage.java:38)
at com.ui.pages.HomePage.quit(HomePage.java:38)
at com.ui.pages.HomePage.quit(HomePage.java:38)
at com.ui.pages.HomePage.quit(HomePage.java:38)
at com.ui.pages.HomePage.quit(HomePage.java:38)
at com.ui.pages.HomePage.quit(HomePage.java:38)
at com.ui.pages.HomePage.quit(HomePage.java:38)
at com.ui.pages.HomePage.quit(HomePage.java:38)
at com.ui.pages.HomePage.quit(HomePage.java:38)
at com.ui.pages.HomePage.quit(HomePage.java:38)
at com.ui.pages.HomePage.quit(HomePage.java:38)
at com.ui.pages.HomePage.quit(HomePage.java:38)
at com.ui.pages.HomePage.quit(HomePage.java:38)
at com.ui.pages.HomePage.quit(HomePage.java:38)
at com.ui.pages.HomePage.quit(HomePage.java:38)
at com.ui.pages.HomePage.quit(HomePage.java:38)
at com.ui.pages.HomePage.quit(HomePage.java:38)
at com.ui.pages.HomePage.quit(HomePage.java:38)
at com.ui.pages.HomePage.quit(HomePage.java:38)
at com.ui.pages.HomePage.quit(HomePage.java:38)
at com.ui.pages.HomePage.quit(HomePage.java:38)
at com.ui.pages.HomePage.quit(HomePage.java:38)
at com.ui.pages.HomePage.quit(HomePage.java:38)
at com.ui.pages.HomePage.quit(HomePage.java:38)
at com.ui.pages.HomePage.quit(HomePage.java:38)
at com.ui.pages.HomePage.quit(HomePage.java:38)
at com.ui.pages.HomePage.quit(HomePage.java:38)
at com.ui.pages.HomePage.quit(HomePage.java:38)
at com.ui.pages.HomePage.quit(HomePage.java:38)
at com.ui.pages.HomePage.quit(HomePage.java:38)
at com.ui.pages.HomePage.quit(HomePage.java:38)
at com.ui.pages.HomePage.quit(HomePage.java:38)
at com.ui.pages.HomePage.quit(HomePage.java:38)
at com.ui.pages.HomePage.quit(HomePage.java:38)
at com.ui.pages.HomePage.quit(HomePage.java:38)
at com.ui.pages.HomePage.quit(HomePage.java:38)
at com.ui.pages.HomePage.quit(HomePage.java:38)
at com.ui.pages.HomePage.quit(HomePage.java:38)
at com.ui.pages.HomePage.quit(HomePage.java:38)
at com.ui.pages.HomePage.quit(HomePage.java:38)
at com.ui.pages.HomePage.quit(HomePage.java:38)
at com.ui.pages.HomePage.quit(HomePage.java:38)
at com.ui.pages.HomePage.quit(HomePage.java:38)
at com.ui.pages.HomePage.quit(HomePage.java:38)
at com.ui.pages.HomePage.quit(HomePage.java:38)
at com.ui.pages.HomePage.quit(HomePage.java:38)
at com.ui.pages.HomePage.quit(HomePage.java:38)
at com.ui.pages.HomePage.quit(HomePage.java:38)
at com.ui.pages.HomePage.quit(HomePage.java:38)
at com.ui.pages.HomePage.quit(HomePage.java:38)
at com.ui.pages.HomePage.quit(HomePage.java:38)
at com.ui.pages.HomePage.quit(HomePage.java:38)
at com.ui.pages.HomePage.quit(HomePage.java:38)
at com.ui.pages.HomePage.quit(HomePage.java:38)
at com.ui.pages.HomePage.quit(HomePage.java:38)
at com.ui.pages.HomePage.quit(HomePage.java:38)
at com.ui.pages.HomePage.quit(HomePage.java:38)
at com.ui.pages.HomePage.quit(HomePage.java:38)
at com.ui.pages.HomePage.quit(HomePage.java:38)
at com.ui.pages.HomePage.quit(HomePage.java:38)
at com.ui.pages.HomePage.quit(HomePage.java:38)
at com.ui.pages.HomePage.quit(HomePage.java:38)
at com.ui.pages.HomePage.quit(HomePage.java:38)
at com.ui.pages.HomePage.quit(HomePage.java:38)
at com.ui.pages.HomePage.quit(HomePage.java:38)
at com.ui.pages.HomePage.quit(HomePage.java:38)
at com.ui.pages.HomePage.quit(HomePage.java:38)
at com.ui.pages.HomePage.quit(HomePage.java:38)
at com.ui.pages.HomePage.quit(HomePage.java:38)
at com.ui.pages.HomePage.quit(HomePage.java:38)
at com.ui.pages.HomePage.quit(HomePage.java:38)
at com.ui.pages.HomePage.quit(HomePage.java:38)
at com.ui.pages.HomePage.quit(HomePage.java:38)
at com.ui.pages.HomePage.quit(HomePage.java:38)
at com.ui.pages.HomePage.quit(HomePage.java:38)
at com.ui.pages.HomePage.quit(HomePage.java:38)
at com.ui.pages.HomePage.quit(HomePage.java:38)
at com.ui.pages.HomePage.quit(HomePage.java:38)
at com.ui.pages.HomePage.quit(HomePage.java:38)
at com.ui.pages.HomePage.quit(HomePage.java:38)
at com.ui.pages.HomePage.quit(HomePage.java:38)
at com.ui.pages.HomePage.quit(HomePage.java:38)
at com.ui.pages.HomePage.quit(HomePage.java:38)
at com.ui.pages.HomePage.quit(HomePage.java:38)
at com.ui.pages.HomePage.quit(HomePage.java:38)
at com.ui.pages.HomePage.quit(HomePage.java:38)
at com.ui.pages.HomePage.quit(HomePage.java:38)
at com.ui.pages.HomePage.quit(HomePage.java:38)
at com.ui.pages.HomePage.quit(HomePage.java:38)
at com.ui.pages.HomePage.quit(HomePage.java:38)
at com.ui.pages.HomePage.quit(HomePage.java:38)
at com.ui.pages.HomePage.quit(HomePage.java:38)
at com.ui.pages.HomePage.quit(HomePage.java:38)
at com.ui.pages.HomePage.quit(HomePage.java:38)
at com.ui.pages.HomePage.quit(HomePage.java:38)
at com.ui.pages.HomePage.quit(HomePage.java:38)
at com.ui.pages.HomePage.quit(HomePage.java:38)
at com.ui.pages.HomePage.quit(HomePage.java:38)
at com.ui.pages.HomePage.quit(HomePage.java:38)
at com.ui.pages.HomePage.quit(HomePage.java:38)
at com.ui.pages.HomePage.quit(HomePage.java:38)
at com.ui.pages.HomePage.quit(HomePage.java:38)
at com.ui.pages.HomePage.quit(HomePage.java:38)
at com.ui.pages.HomePage.quit(HomePage.java:38)
at com.ui.pages.HomePage.quit(HomePage.java:38)
at com.ui.pages.HomePage.quit(HomePage.java:38)
at com.ui.pages.HomePage.quit(HomePage.java:38)
at com.ui.pages.HomePage.quit(HomePage.java:38)
at com.ui.pages.HomePage.quit(HomePage.java:38)
at com.ui.pages.HomePage.quit(HomePage.java:38)
at com.ui.pages.HomePage.quit(HomePage.java:38)
at com.ui.pages.HomePage.quit(HomePage.java:38)
at com.ui.pages.HomePage.quit(HomePage.java:38)
at com.ui.pages.HomePage.quit(HomePage.java:38)
at com.ui.pages.HomePage.quit(HomePage.java:38)
at com.ui.pages.HomePage.quit(HomePage.java:38)
at com.ui.pages.HomePage.quit(HomePage.java:38)
at com.ui.pages.HomePage.quit(HomePage.java:38)
at com.ui.pages.HomePage.quit(HomePage.java:38)
at com.ui.pages.HomePage.quit(HomePage.java:38)
at com.ui.pages.HomePage.quit(HomePage.java:38)
at com.ui.pages.HomePage.quit(HomePage.java:38)
at com.ui.pages.HomePage.quit(HomePage.java:38)
at com.ui.pages.HomePage.quit(HomePage.java:38)
at com.ui.pages.HomePage.quit(HomePage.java:38)
at com.ui.pages.HomePage.quit(HomePage.java:38)
at com.ui.pages.HomePage.quit(HomePage.java:38)
at com.ui.pages.HomePage.quit(HomePage.java:38)
at com.ui.pages.HomePage.quit(HomePage.java:38)
at com.ui.pages.HomePage.quit(HomePage.java:38)
at com.ui.pages.HomePage.quit(HomePage.java:38)
at com.ui.pages.HomePage.quit(HomePage.java:38)
at com.ui.pages.HomePage.quit(HomePage.java:38)
at com.ui.pages.HomePage.quit(HomePage.java:38)
at com.ui.pages.HomePage.quit(HomePage.java:38)
at com.ui.pages.HomePage.quit(HomePage.java:38)
at com.ui.pages.HomePage.quit(HomePage.java:38)
at com.ui.pages.HomePage.quit(HomePage.java:38)
at com.ui.pages.HomePage.quit(HomePage.java:38)
at com.ui.pages.HomePage.quit(HomePage.java:38)
at com.ui.pages.HomePage.quit(HomePage.java:38)
at com.ui.pages.HomePage.quit(HomePage.java:38)
at com.ui.pages.HomePage.quit(HomePage.java:38)
at com.ui.pages.HomePage.quit(HomePage.java:38)
at com.ui.pages.HomePage.quit(HomePage.java:38)
at com.ui.pages.HomePage.quit(HomePage.java:38)
at com.ui.pages.HomePage.quit(HomePage.java:38)
at com.ui.pages.HomePage.quit(HomePage.java:38)
at com.ui.pages.HomePage.quit(HomePage.java:38)
at com.ui.pages.HomePage.quit(HomePage.java:38)
at com.ui.pages.HomePage.quit(HomePage.java:38)
at com.ui.pages.HomePage.quit(HomePage.java:38)
at com.ui.pages.HomePage.quit(HomePage.java:38)
at com.ui.pages.HomePage.quit(HomePage.java:38)
at com.ui.pages.HomePage.quit(HomePage.java:38)
at com.ui.pages.HomePage.quit(HomePage.java:38)
at com.ui.pages.HomePage.quit(HomePage.java:38)
at com.ui.pages.HomePage.quit(HomePage.java:38)
at com.ui.pages.HomePage.quit(HomePage.java:38)
at com.ui.pages.HomePage.quit(HomePage.java:38)
at com.ui.pages.HomePage.quit(HomePage.java:38)
at com.ui.pages.HomePage.quit(HomePage.java:38)
at com.ui.pages.HomePage.quit(HomePage.java:38)
at com.ui.pages.HomePage.quit(HomePage.java:38)
at com.ui.pages.HomePage.quit(HomePage.java:38)
at com.ui.pages.HomePage.quit(HomePage.java:38)
at com.ui.pages.HomePage.quit(HomePage.java:38)
at com.ui.pages.HomePage.quit(HomePage.java:38)
at com.ui.pages.HomePage.quit(HomePage.java:38)
at com.ui.pages.HomePage.quit(HomePage.java:38)
at com.ui.pages.HomePage.quit(HomePage.java:38)
at com.ui.pages.HomePage.quit(HomePage.java:38)
at com.ui.pages.HomePage.quit(HomePage.java:38)
at com.ui.pages.HomePage.quit(HomePage.java:38)
at com.ui.pages.HomePage.quit(HomePage.java:38)
at com.ui.pages.HomePage.quit(HomePage.java:38)
at com.ui.pages.HomePage.quit(HomePage.java:38)
at com.ui.pages.HomePage.quit(HomePage.java:38)
at com.ui.pages.HomePage.quit(HomePage.java:38)
at com.ui.pages.HomePage.quit(HomePage.java:38)
at com.ui.pages.HomePage.quit(HomePage.java:38)
at com.ui.pages.HomePage.quit(HomePage.java:38)
at com.ui.pages.HomePage.quit(HomePage.java:38)
at com.ui.pages.HomePage.quit(HomePage.java:38)
at com.ui.pages.HomePage.quit(HomePage.java:38)
at com.ui.pages.HomePage.quit(HomePage.java:38)
at com.ui.pages.HomePage.quit(HomePage.java:38)
at com.ui.pages.HomePage.quit(HomePage.java:38)
at com.ui.pages.HomePage.quit(HomePage.java:38)
at com.ui.pages.HomePage.quit(HomePage.java:38)
at com.ui.pages.HomePage.quit(HomePage.java:38)
at com.ui.pages.HomePage.quit(HomePage.java:38)
at com.ui.pages.HomePage.quit(HomePage.java:38)
at com.ui.pages.HomePage.quit(HomePage.java:38)
at com.ui.pages.HomePage.quit(HomePage.java:38)
at com.ui.pages.HomePage.quit(HomePage.java:38)
at com.ui.pages.HomePage.quit(HomePage.java:38)
at com.ui.pages.HomePage.quit(HomePage.java:38)
at com.ui.pages.HomePage.quit(HomePage.java:38)
at com.ui.pages.HomePage.quit(HomePage.java:38)
at com.ui.pages.HomePage.quit(HomePage.java:38)
at com.ui.pages.HomePage.quit(HomePage.java:38)
at com.ui.pages.HomePage.quit(HomePage.java:38)
at com.ui.pages.HomePage.quit(HomePage.java:38)
at com.ui.pages.HomePage.quit(HomePage.java:38)
at com.ui.pages.HomePage.quit(HomePage.java:38)
at com.ui.pages.HomePage.quit(HomePage.java:38)
at com.ui.pages.HomePage.quit(HomePage.java:38)
at com.ui.pages.HomePage.quit(HomePage.java:38)
at com.ui.pages.HomePage.quit(HomePage.java:38)
at com.ui.pages.HomePage.quit(HomePage.java:38)
at com.ui.pages.HomePage.quit(HomePage.java:38)
at com.ui.pages.HomePage.quit(HomePage.java:38)
at com.ui.pages.HomePage.quit(HomePage.java:38)
at com.ui.pages.HomePage.quit(HomePage.java:38)
at com.ui.pages.HomePage.quit(HomePage.java:38)
at com.ui.pages.HomePage.quit(HomePage.java:38)
at com.ui.pages.HomePage.quit(HomePage.java:38)
at com.ui.pages.HomePage.quit(HomePage.java:38)
at com.ui.pages.HomePage.quit(HomePage.java:38)
at com.ui.pages.HomePage.quit(HomePage.java:38)
at com.ui.pages.HomePage.quit(HomePage.java:38)
at com.ui.pages.HomePage.quit(HomePage.java:38)
at com.ui.pages.HomePage.quit(HomePage.java:38)
at com.ui.pages.HomePage.quit(HomePage.java:38)
at com.ui.pages.HomePage.quit(HomePage.java:38)
at com.ui.pages.HomePage.quit(HomePage.java:38)
at com.ui.pages.HomePage.quit(HomePage.java:38)
at com.ui.pages.HomePage.quit(HomePage.java:38)
at com.ui.pages.HomePage.quit(HomePage.java:38)
at com.ui.pages.HomePage.quit(HomePage.java:38)
at com.ui.pages.HomePage.quit(HomePage.java:38)
at com.ui.pages.HomePage.quit(HomePage.java:38)
at com.ui.pages.HomePage.quit(HomePage.java:38)
at com.ui.pages.HomePage.quit(HomePage.java:38)
at com.ui.pages.HomePage.quit(HomePage.java:38)
at com.ui.pages.HomePage.quit(HomePage.java:38)
at com.ui.pages.HomePage.quit(HomePage.java:38)
at com.ui.pages.HomePage.quit(HomePage.java:38)
at com.ui.pages.HomePage.quit(HomePage.java:38)
at com.ui.pages.HomePage.quit(HomePage.java:38)
at com.ui.pages.HomePage.quit(HomePage.java:38)
at com.ui.pages.HomePage.quit(HomePage.java:38)
at com.ui.pages.HomePage.quit(HomePage.java:38)
at com.ui.pages.HomePage.quit(HomePage.java:38)
at com.ui.pages.HomePage.quit(HomePage.java:38)
at com.ui.pages.HomePage.quit(HomePage.java:38)
at com.ui.pages.HomePage.quit(HomePage.java:38)
at com.ui.pages.HomePage.quit(HomePage.java:38)
at com.ui.pages.HomePage.quit(HomePage.java:38)
at com.ui.pages.HomePage.quit(HomePage.java:38)
at com.ui.pages.HomePage.quit(HomePage.java:38)
at com.ui.pages.HomePage.quit(HomePage.java:38)
at com.ui.pages.HomePage.quit(HomePage.java:38)
at com.ui.pages.HomePage.quit(HomePage.java:38)
at com.ui.pages.HomePage.quit(HomePage.java:38)
at com.ui.pages.HomePage.quit(HomePage.java:38)
at com.ui.pages.HomePage.quit(HomePage.java:38)
at com.ui.pages.HomePage.quit(HomePage.java:38)
at com.ui.pages.HomePage.quit(HomePage.java:38)
at com.ui.pages.HomePage.quit(HomePage.java:38)
at com.ui.pages.HomePage.quit(HomePage.java:38)
at com.ui.pages.HomePage.quit(HomePage.java:38)
at com.ui.pages.HomePage.quit(HomePage.java:38)
at com.ui.pages.HomePage.quit(HomePage.java:38)
at com.ui.pages.HomePage.quit(HomePage.java:38)
at com.ui.pages.HomePage.quit(HomePage.java:38)
at com.ui.pages.HomePage.quit(HomePage.java:38)
at com.ui.pages.HomePage.quit(HomePage.java:38)
at com.ui.pages.HomePage.quit(HomePage.java:38)
at com.ui.pages.HomePage.quit(HomePage.java:38)
at com.ui.pages.HomePage.quit(HomePage.java:38)
at com.ui.pages.HomePage.quit(HomePage.java:38)
at com.ui.pages.HomePage.quit(HomePage.java:38)
at com.ui.pages.HomePage.quit(HomePage.java:38)
at com.ui.pages.HomePage.quit(HomePage.java:38)
at com.ui.pages.HomePage.quit(HomePage.java:38)
at com.ui.pages.HomePage.quit(HomePage.java:38)
at com.ui.pages.HomePage.quit(HomePage.java:38)
at com.ui.pages.HomePage.quit(HomePage.java:38)
at com.ui.pages.HomePage.quit(HomePage.java:38)
at com.ui.pages.HomePage.quit(HomePage.java:38)
at com.ui.pages.HomePage.quit(HomePage.java:38)
at com.ui.pages.HomePage.quit(HomePage.java:38)
at com.ui.pages.HomePage.quit(HomePage.java:38)
at com.ui.pages.HomePage.quit(HomePage.java:38)
at com.ui.pages.HomePage.quit(HomePage.java:38)
at com.ui.pages.HomePage.quit(HomePage.java:38)
at com.ui.pages.HomePage.quit(HomePage.java:38)
at com.ui.pages.HomePage.quit(HomePage.java:38)
at com.ui.pages.HomePage.quit(HomePage.java:38)
at com.ui.pages.HomePage.quit(HomePage.java:38)
at com.ui.pages.HomePage.quit(HomePage.java:38)
at com.ui.pages.HomePage.quit(HomePage.java:38)
at com.ui.pages.HomePage.quit(HomePage.java:38)
at com.ui.pages.HomePage.quit(HomePage.java:38)
at com.ui.pages.HomePage.quit(HomePage.java:38)
at com.ui.pages.HomePage.quit(HomePage.java:38)
at com.ui.pages.HomePage.quit(HomePage.java:38)
at com.ui.pages.HomePage.quit(HomePage.java:38)
at com.ui.pages.HomePage.quit(HomePage.java:38)
at com.ui.pages.HomePage.quit(HomePage.java:38)
at com.ui.pages.HomePage.quit(HomePage.java:38)
at com.ui.pages.HomePage.quit(HomePage.java:38)
at com.ui.pages.HomePage.quit(HomePage.java:38)
at com.ui.pages.HomePage.quit(HomePage.java:38)
at com.ui.pages.HomePage.quit(HomePage.java:38)
at com.ui.pages.HomePage.quit(HomePage.java:38)
at com.ui.pages.HomePage.quit(HomePage.java:38)
at com.ui.pages.HomePage.quit(HomePage.java:38)
at com.ui.pages.HomePage.quit(HomePage.java:38)
at com.ui.pages.HomePage.quit(HomePage.java:38)
at com.ui.pages.HomePage.quit(HomePage.java:38)
at com.ui.pages.HomePage.quit(HomePage.java:38)
at com.ui.pages.HomePage.quit(HomePage.java:38)
at com.ui.pages.HomePage.quit(HomePage.java:38)
at com.ui.pages.HomePage.quit(HomePage.java:38)
at com.ui.pages.HomePage.quit(HomePage.java:38)
at com.ui.pages.HomePage.quit(HomePage.java:38)
at com.ui.pages.HomePage.quit(HomePage.java:38)
at com.ui.pages.HomePage.quit(HomePage.java:38)
at com.ui.pages.HomePage.quit(HomePage.java:38)
at com.ui.pages.HomePage.quit(HomePage.java:38)
at com.ui.pages.HomePage.quit(HomePage.java:38)
at com.ui.pages.HomePage.quit(HomePage.java:38)
at com.ui.pages.HomePage.quit(HomePage.java:38)
at com.ui.pages.HomePage.quit(HomePage.java:38)
at com.ui.pages.HomePage.quit(HomePage.java:38)
at com.ui.pages.HomePage.quit(HomePage.java:38)
at com.ui.pages.HomePage.quit(HomePage.java:38)
at com.ui.pages.HomePage.quit(HomePage.java:38)
at com.ui.pages.HomePage.quit(HomePage.java:38)
at com.ui.pages.HomePage.quit(HomePage.java:38)
at com.ui.pages.HomePage.quit(HomePage.java:38)
at com.ui.pages.HomePage.quit(HomePage.java:38)
at com.ui.pages.HomePage.quit(HomePage.java:38)
at com.ui.pages.HomePage.quit(HomePage.java:38)
at com.ui.pages.HomePage.quit(HomePage.java:38)
at com.ui.pages.HomePage.quit(HomePage.java:38)
at com.ui.pages.HomePage.quit(HomePage.java:38)
at com.ui.pages.HomePage.quit(HomePage.java:38)
at com.ui.pages.HomePage.quit(HomePage.java:38)
at com.ui.pages.HomePage.quit(HomePage.java:38)
at com.ui.pages.HomePage.quit(HomePage.java:38)
at com.ui.pages.HomePage.quit(HomePage.java:38)
at com.ui.pages.HomePage.quit(HomePage.java:38)
at com.ui.pages.HomePage.quit(HomePage.java:38)
at com.ui.pages.HomePage.quit(HomePage.java:38)
at com.ui.pages.HomePage.quit(HomePage.java:38)
at com.ui.pages.HomePage.quit(HomePage.java:38)
at com.ui.pages.HomePage.quit(HomePage.java:38)
at com.ui.pages.HomePage.quit(HomePage.java:38)
at com.ui.pages.HomePage.quit(HomePage.java:38)
at com.ui.pages.HomePage.quit(HomePage.java:38)
at com.ui.pages.HomePage.quit(HomePage.java:38)
at com.ui.pages.HomePage.quit(HomePage.java:38)
at com.ui.pages.HomePage.quit(HomePage.java:38)
at com.ui.pages.HomePage.quit(HomePage.java:38)
at com.ui.pages.HomePage.quit(HomePage.java:38)
at com.ui.pages.HomePage.quit(HomePage.java:38)
at com.ui.pages.HomePage.quit(HomePage.java:38)
at com.ui.pages.HomePage.quit(HomePage.java:38)
at com.ui.pages.HomePage.quit(HomePage.java:38)
at com.ui.pages.HomePage.quit(HomePage.java:38)
at com.ui.pages.HomePage.quit(HomePage.java:38)
at com.ui.pages.HomePage.quit(HomePage.java:38)
at com.ui.pages.HomePage.quit(HomePage.java:38)
at com.ui.pages.HomePage.quit(HomePage.java:38)
at com.ui.pages.HomePage.quit(HomePage.java:38)
at com.ui.pages.HomePage.quit(HomePage.java:38)
at com.ui.pages.HomePage.quit(HomePage.java:38)
at com.ui.pages.HomePage.quit(HomePage.java:38)
at com.ui.pages.HomePage.quit(HomePage.java:38)
at com.ui.pages.HomePage.quit(HomePage.java:38)
at com.ui.pages.HomePage.quit(HomePage.java:38)
at com.ui.pages.HomePage.quit(HomePage.java:38)
at com.ui.pages.HomePage.quit(HomePage.java:38)
at com.ui.pages.HomePage.quit(HomePage.java:38)
at com.ui.pages.HomePage.quit(HomePage.java:38)
at com.ui.pages.HomePage.quit(HomePage.java:38)
at com.ui.pages.HomePage.quit(HomePage.java:38)
at com.ui.pages.HomePage.quit(HomePage.java:38)
at com.ui.pages.HomePage.quit(HomePage.java:38)
at com.ui.pages.HomePage.quit(HomePage.java:38)
at com.ui.pages.HomePage.quit(HomePage.java:38)
at com.ui.pages.HomePage.quit(HomePage.java:38)
at com.ui.pages.HomePage.quit(HomePage.java:38)
at com.ui.pages.HomePage.quit(HomePage.java:38)
at com.ui.pages.HomePage.quit(HomePage.java:38)
at com.ui.pages.HomePage.quit(HomePage.java:38)
at com.ui.pages.HomePage.quit(HomePage.java:38)
at com.ui.pages.HomePage.quit(HomePage.java:38)
at com.ui.pages.HomePage.quit(HomePage.java:38)
at com.ui.pages.HomePage.quit(HomePage.java:38)
at com.ui.pages.HomePage.quit(HomePage.java:38)
at com.ui.pages.HomePage.quit(HomePage.java:38)
at com.ui.pages.HomePage.quit(HomePage.java:38)
at com.ui.pages.HomePage.quit(HomePage.java:38)
at com.ui.pages.HomePage.quit(HomePage.java:38)
at com.ui.pages.HomePage.quit(HomePage.java:38)
at com.ui.pages.HomePage.quit(HomePage.java:38)
at com.ui.pages.HomePage.quit(HomePage.java:38)
at com.ui.pages.HomePage.quit(HomePage.java:38)
at com.ui.pages.HomePage.quit(HomePage.java:38)
at com.ui.pages.HomePage.quit(HomePage.java:38)
at com.ui.pages.HomePage.quit(HomePage.java:38)
at com.ui.pages.HomePage.quit(HomePage.java:38)
at com.ui.pages.HomePage.quit(HomePage.java:38)
at com.ui.pages.HomePage.quit(HomePage.java:38)
at com.ui.pages.HomePage.quit(HomePage.java:38)
at com.ui.pages.HomePage.quit(HomePage.java:38)
at com.ui.pages.HomePage.quit(HomePage.java:38)
at com.ui.pages.HomePage.quit(HomePage.java:38)
at com.ui.pages.HomePage.quit(HomePage.java:38)
at com.ui.pages.HomePage.quit(HomePage.java:38)
at com.ui.pages.HomePage.quit(HomePage.java:38)
at com.ui.pages.HomePage.quit(HomePage.java:38)
at com.ui.pages.HomePage.quit(HomePage.java:38)
at com.ui.pages.HomePage.quit(HomePage.java:38)
at com.ui.pages.HomePage.quit(HomePage.java:38)
at com.ui.pages.HomePage.quit(HomePage.java:38)
at com.ui.pages.HomePage.quit(HomePage.java:38)
at com.ui.pages.HomePage.quit(HomePage.java:38)
at com.ui.pages.HomePage.quit(HomePage.java:38)
at com.ui.pages.HomePage.quit(HomePage.java:38)
at com.ui.pages.HomePage.quit(HomePage.java:38)
at com.ui.pages.HomePage.quit(HomePage.java:38)
at com.ui.pages.HomePage.quit(HomePage.java:38)
at com.ui.pages.HomePage.quit(HomePage.java:38)
at com.ui.pages.HomePage.quit(HomePage.java:38)
at com.ui.pages.HomePage.quit(HomePage.java:38)
at com.ui.pages.HomePage.quit(HomePage.java:38)
at com.ui.pages.HomePage.quit(HomePage.java:38)
at com.ui.pages.HomePage.quit(HomePage.java:38)
at com.ui.pages.HomePage.quit(HomePage.java:38)
at com.ui.pages.HomePage.quit(HomePage.java:38)
at com.ui.pages.HomePage.quit(HomePage.java:38)
at com.ui.pages.HomePage.quit(HomePage.java:38)
at com.ui.pages.HomePage.quit(HomePage.java:38)
at com.ui.pages.HomePage.quit(HomePage.java:38)
at com.ui.pages.HomePage.quit(HomePage.java:38)
at com.ui.pages.HomePage.quit(HomePage.java:38)
at com.ui.pages.HomePage.quit(HomePage.java:38)
at com.ui.pages.HomePage.quit(HomePage.java:38)
at com.ui.pages.HomePage.quit(HomePage.java:38)
at com.ui.pages.HomePage.quit(HomePage.java:38)
at com.ui.pages.HomePage.quit(HomePage.java:38)
at com.ui.pages.HomePage.quit(HomePage.java:38)
at com.ui.pages.HomePage.quit(HomePage.java:38)
at com.ui.pages.HomePage.quit(HomePage.java:38)
at com.ui.pages.HomePage.quit(HomePage.java:38)
at com.ui.pages.HomePage.quit(HomePage.java:38)
at com.ui.pages.HomePage.quit(HomePage.java:38)
at com.ui.pages.HomePage.quit(HomePage.java:38)
at com.ui.pages.HomePage.quit(HomePage.java:38)
at com.ui.pages.HomePage.quit(HomePage.java:38)
at com.ui.pages.HomePage.quit(HomePage.java:38)
at com.ui.pages.HomePage.quit(HomePage.java:38)
at com.ui.pages.HomePage.quit(HomePage.java:38)
at com.ui.pages.HomePage.quit(HomePage.java:38)
at com.ui.pages.HomePage.quit(HomePage.java:38)
at com.ui.pages.HomePage.quit(HomePage.java:38)
at com.ui.pages.HomePage.quit(HomePage.java:38)
at com.ui.pages.HomePage.quit(HomePage.java:38)
at com.ui.pages.HomePage.quit(HomePage.java:38)
at com.ui.pages.HomePage.quit(HomePage.java:38)
at com.ui.pages.HomePage.quit(HomePage.java:38)
at com.ui.pages.HomePage.quit(HomePage.java:38)
at com.ui.pages.HomePage.quit(HomePage.java:38)
at com.ui.pages.HomePage.quit(HomePage.java:38)
at com.ui.pages.HomePage.quit(HomePage.java:38)
at com.ui.pages.HomePage.quit(HomePage.java:38)
at com.ui.pages.HomePage.quit(HomePage.java:38)
at com.ui.pages.HomePage.quit(HomePage.java:38)
at com.ui.pages.HomePage.quit(HomePage.java:38)
at com.ui.pages.HomePage.quit(HomePage.java:38)
at com.ui.pages.HomePage.quit(HomePage.java:38)
at com.ui.pages.HomePage.quit(HomePage.java:38)
at com.ui.pages.HomePage.quit(HomePage.java:38)
at com.ui.pages.HomePage.quit(HomePage.java:38)
at com.ui.pages.HomePage.quit(HomePage.java:38)
at com.ui.pages.HomePage.quit(HomePage.java:38)
at com.ui.pages.HomePage.quit(HomePage.java:38)
at com.ui.pages.HomePage.quit(HomePage.java:38)
at com.ui.pages.HomePage.quit(HomePage.java:38)
at com.ui.pages.HomePage.quit(HomePage.java:38)
at com.ui.pages.HomePage.quit(HomePage.java:38)
at com.ui.pages.HomePage.quit(HomePage.java:38)
at com.ui.pages.HomePage.quit(HomePage.java:38)
at com.ui.pages.HomePage.quit(HomePage.java:38)
at com.ui.pages.HomePage.quit(HomePage.java:38)
at com.ui.pages.HomePage.quit(HomePage.java:38)
at com.ui.pages.HomePage.quit(HomePage.java:38)
at com.ui.pages.HomePage.quit(HomePage.java:38)
at com.ui.pages.HomePage.quit(HomePage.java:38)
at com.ui.pages.HomePage.quit(HomePage.java:38)
at com.ui.pages.HomePage.quit(HomePage.java:38)
at com.ui.pages.HomePage.quit(HomePage.java:38)
at com.ui.pages.HomePage.quit(HomePage.java:38)
at com.ui.pages.HomePage.quit(HomePage.java:38)
at com.ui.pages.HomePage.quit(HomePage.java:38)
at com.ui.pages.HomePage.quit(HomePage.java:38)
at com.ui.pages.HomePage.quit(HomePage.java:38)
at com.ui.pages.HomePage.quit(HomePage.java:38)
at com.ui.pages.HomePage.quit(HomePage.java:38)
at com.ui.pages.HomePage.quit(HomePage.java:38)
at com.ui.pages.HomePage.quit(HomePage.java:38)
at com.ui.pages.HomePage.quit(HomePage.java:38)
at com.ui.pages.HomePage.quit(HomePage.java:38)
at com.ui.pages.HomePage.quit(HomePage.java:38)
at com.ui.pages.HomePage.quit(HomePage.java:38)
at com.ui.pages.HomePage.quit(HomePage.java:38)
at com.ui.pages.HomePage.quit(HomePage.java:38)
at com.ui.pages.HomePage.quit(HomePage.java:38)
at com.ui.pages.HomePage.quit(HomePage.java:38)
at com.ui.pages.HomePage.quit(HomePage.java:38)
at com.ui.pages.HomePage.quit(HomePage.java:38)
at com.ui.pages.HomePage.quit(HomePage.java:38)
at com.ui.pages.HomePage.quit(HomePage.java:38)
at com.ui.pages.HomePage.quit(HomePage.java:38)
at com.ui.pages.HomePage.quit(HomePage.java:38)
at com.ui.pages.HomePage.quit(HomePage.java:38)
at com.ui.pages.HomePage.quit(HomePage.java:38)
at com.ui.pages.HomePage.quit(HomePage.java:38)
at com.ui.pages.HomePage.quit(HomePage.java:38)
at com.ui.pages.HomePage.quit(HomePage.java:38)
at com.ui.pages.HomePage.quit(HomePage.java:38)
at com.ui.pages.HomePage.quit(HomePage.java:38)
at com.ui.pages.HomePage.quit(HomePage.java:38)
at com.ui.pages.HomePage.quit(HomePage.java:38)
at com.ui.pages.HomePage.quit(HomePage.java:38)
at com.ui.pages.HomePage.quit(HomePage.java:38)
at com.ui.pages.HomePage.quit(HomePage.java:38)
at com.ui.pages.HomePage.quit(HomePage.java:38)
at com.ui.pages.HomePage.quit(HomePage.java:38)
at com.ui.pages.HomePage.quit(HomePage.java:38)
at com.ui.pages.HomePage.quit(HomePage.java:38)
at com.ui.pages.HomePage.quit(HomePage.java:38)
at com.ui.pages.HomePage.quit(HomePage.java:38)
at com.ui.pages.HomePage.quit(HomePage.java:38)
at com.ui.pages.HomePage.quit(HomePage.java:38)
at com.ui.pages.HomePage.quit(HomePage.java:38)
at com.ui.pages.HomePage.quit(HomePage.java:38)
at com.ui.pages.HomePage.quit(HomePage.java:38)
at com.ui.pages.HomePage.quit(HomePage.java:38)
at com.ui.pages.HomePage.quit(HomePage.java:38)
at com.ui.pages.HomePage.quit(HomePage.java:38)
at com.ui.pages.HomePage.quit(HomePage.java:38)
at com.ui.pages.HomePage.quit(HomePage.java:38)
at com.ui.pages.HomePage.quit(HomePage.java:38)
at com.ui.pages.HomePage.quit(HomePage.java:38)
at com.ui.pages.HomePage.quit(HomePage.java:38)
at com.ui.pages.HomePage.quit(HomePage.java:38)
at com.ui.pages.HomePage.quit(HomePage.java:38)
at com.ui.pages.HomePage.quit(HomePage.java:38)
at com.ui.pages.HomePage.quit(HomePage.java:38)
at com.ui.pages.HomePage.quit(HomePage.java:38)
at com.ui.pages.HomePage.quit(HomePage.java:38)
at com.ui.pages.HomePage.quit(HomePage.java:38)
at com.ui.pages.HomePage.quit(HomePage.java:38)
at com.ui.pages.HomePage.quit(HomePage.java:38)
at com.ui.pages.HomePage.quit(HomePage.java:38)
at com.ui.pages.HomePage.quit(HomePage.java:38)
at com.ui.pages.HomePage.quit(HomePage.java:38)
at com.ui.pages.HomePage.quit(HomePage.java:38)
at com.ui.pages.HomePage.quit(HomePage.java:38)
at com.ui.pages.HomePage.quit(HomePage.java:38)
at com.ui.pages.HomePage.quit(HomePage.java:38)
at com.ui.pages.HomePage.quit(HomePage.java:38)
at com.ui.pages.HomePage.quit(HomePage.java:38)
at com.ui.pages.HomePage.quit(HomePage.java:38)
at com.ui.pages.HomePage.quit(HomePage.java:38)
at com.ui.pages.HomePage.quit(HomePage.java:38)
at com.ui.pages.HomePage.quit(HomePage.java:38)
at com.ui.pages.HomePage.quit(HomePage.java:38)
at com.ui.pages.HomePage.quit(HomePage.java:38)
at com.ui.pages.HomePage.quit(HomePage.java:38)
at com.ui.pages.HomePage.quit(HomePage.java:38)
at com.ui.pages.HomePage.quit(HomePage.java:38)
at com.ui.pages.HomePage.quit(HomePage.java:38)
at com.ui.pages.HomePage.quit(HomePage.java:38)
at com.ui.pages.HomePage.quit(HomePage.java:38)
at com.ui.pages.HomePage.quit(HomePage.java:38)
at com.ui.pages.HomePage.quit(HomePage.java:38)
at com.ui.pages.HomePage.quit(HomePage.java:38)
at com.ui.pages.HomePage.quit(HomePage.java:38)
at com.ui.pages.HomePage.quit(HomePage.java:38)
at com.ui.pages.HomePage.quit(HomePage.java:38)
at com.ui.pages.HomePage.quit(HomePage.java:38)
at com.ui.pages.HomePage.quit(HomePage.java:38)
at com.ui.pages.HomePage.quit(HomePage.java:38)
at com.ui.pages.HomePage.quit(HomePage.java:38)
at com.ui.pages.HomePage.quit(HomePage.java:38)
at com.ui.pages.HomePage.quit(HomePage.java:38)
at com.ui.pages.HomePage.quit(HomePage.java:38)
at com.ui.pages.HomePage.quit(HomePage.java:38)
at com.ui.pages.HomePage.quit(HomePage.java:38)
at com.ui.pages.HomePage.quit(HomePage.java:38)
at com.ui.pages.HomePage.quit(HomePage.java:38)
at com.ui.pages.HomePage.quit(HomePage.java:38)
at com.ui.pages.HomePage.quit(HomePage.java:38)
at com.ui.pages.HomePage.quit(HomePage.java:38)
at com.ui.pages.HomePage.quit(HomePage.java:38)
at com.ui.pages.HomePage.quit(HomePage.java:38)
at com.ui.pages.HomePage.quit(HomePage.java:38)
at com.ui.pages.HomePage.quit(HomePage.java:38)
at com.ui.pages.HomePage.quit(HomePage.java:38)
at com.ui.pages.HomePage.quit(HomePage.java:38)
at com.ui.pages.HomePage.quit(HomePage.java:38)
at com.ui.pages.HomePage.quit(HomePage.java:38)
at com.ui.pages.HomePage.quit(HomePage.java:38)
at com.ui.pages.HomePage.quit(HomePage.java:38)
at com.ui.pages.HomePage.quit(HomePage.java:38)
at com.ui.pages.HomePage.quit(HomePage.java:38)
at com.ui.pages.HomePage.quit(HomePage.java:38)
at com.ui.pages.HomePage.quit(HomePage.java:38)
at com.ui.pages.HomePage.quit(HomePage.java:38)
at com.ui.pages.HomePage.quit(HomePage.java:38)
at com.ui.pages.HomePage.quit(HomePage.java:38)
at com.ui.pages.HomePage.quit(HomePage.java:38)
at com.ui.pages.HomePage.quit(HomePage.java:38)
at com.ui.pages.HomePage.quit(HomePage.java:38)
at com.ui.pages.HomePage.quit(HomePage.java:38)
at com.ui.pages.HomePage.quit(HomePage.java:38)
at com.ui.pages.HomePage.quit(HomePage.java:38)
at com.ui.pages.HomePage.quit(HomePage.java:38)
at com.ui.pages.HomePage.quit(HomePage.java:38)
at com.ui.pages.HomePage.quit(HomePage.java:38)
at com.ui.pages.HomePage.quit(HomePage.java:38)
at com.ui.pages.HomePage.quit(HomePage.java:38)
at com.ui.pages.HomePage.quit(HomePage.java:38)
at com.ui.pages.HomePage.quit(HomePage.java:38)
at com.ui.pages.HomePage.quit(HomePage.java:38)
at com.ui.pages.HomePage.quit(HomePage.java:38)
at com.ui.pages.HomePage.quit(HomePage.java:38)
at com.ui.pages.HomePage.quit(HomePage.java:38)
at com.ui.pages.HomePage.quit(HomePage.java:38)
at com.ui.pages.HomePage.quit(HomePage.java:38)
at com.ui.pages.HomePage.quit(HomePage.java:38)
at com.ui.pages.HomePage.quit(HomePage.java:38)
at com.ui.pages.HomePage.quit(HomePage.java:38)
at com.ui.pages.HomePage.quit(HomePage.java:38)
at com.ui.pages.HomePage.quit(HomePage.java:38)
at com.ui.pages.HomePage.quit(HomePage.java:38)
at com.ui.pages.HomePage.quit(HomePage.java:38)
at com.ui.pages.HomePage.quit(HomePage.java:38)
at com.ui.pages.HomePage.quit(HomePage.java:38)
at com.ui.pages.HomePage.quit(HomePage.java:38)
at com.ui.pages.HomePage.quit(HomePage.java:38)
at com.ui.pages.HomePage.quit(HomePage.java:38)
at com.ui.pages.HomePage.quit(HomePage.java:38)
at com.ui.pages.HomePage.quit(HomePage.java:38)
at com.ui.pages.HomePage.quit(HomePage.java:38)
at com.ui.pages.HomePage.quit(HomePage.java:38)
at com.ui.pages.HomePage.quit(HomePage.java:38)
at com.ui.pages.HomePage.quit(HomePage.java:38)
at com.ui.pages.HomePage.quit(HomePage.java:38)
at com.ui.pages.HomePage.quit(HomePage.java:38)
at com.ui.pages.HomePage.quit(HomePage.java:38)
at com.ui.pages.HomePage.quit(HomePage.java:38)
at com.ui.pages.HomePage.quit(HomePage.java:38)
at com.ui.pages.HomePage.quit(HomePage.java:38)
at com.ui.pages.HomePage.quit(HomePage.java:38)
at com.ui.pages.HomePage.quit(HomePage.java:38)
at com.ui.pages.HomePage.quit(HomePage.java:38)
at com.ui.pages.HomePage.quit(HomePage.java:38)
at com.ui.pages.HomePage.quit(HomePage.java:38)
at com.ui.pages.HomePage.quit(HomePage.java:38)
at com.ui.pages.HomePage.quit(HomePage.java:38)
at com.ui.pages.HomePage.quit(HomePage.java:38)
at com.ui.pages.HomePage.quit(HomePage.java:38)
at com.ui.pages.HomePage.quit(HomePage.java:38)
at com.ui.pages.HomePage.quit(HomePage.java:38)
at com.ui.pages.HomePage.quit(HomePage.java:38)
at com.ui.pages.HomePage.quit(HomePage.java:38)
at com.ui.pages.HomePage.quit(HomePage.java:38)
at com.ui.pages.HomePage.quit(HomePage.java:38)
at com.ui.pages.HomePage.quit(HomePage.java:38)
at com.ui.pages.HomePage.quit(HomePage.java:38)
at com.ui.pages.HomePage.quit(HomePage.java:38)
at com.ui.pages.HomePage.quit(HomePage.java:38)
at com.ui.pages.HomePage.quit(HomePage.java:38)
at com.ui.pages.HomePage.quit(HomePage.java:38)
at com.ui.pages.HomePage.quit(HomePage.java:38)
at com.ui.pages.HomePage.quit(HomePage.java:38)
at com.ui.pages.HomePage.quit(HomePage.java:38)
at com.ui.pages.HomePage.quit(HomePage.java:38)
at com.ui.pages.HomePage.quit(HomePage.java:38)
at com.ui.pages.HomePage.quit(HomePage.java:38)
at com.ui.pages.HomePage.quit(HomePage.java:38)
at com.ui.pages.HomePage.quit(HomePage.java:38)
at com.ui.pages.HomePage.quit(HomePage.java:38)
at com.ui.pages.HomePage.quit(HomePage.java:38)
at com.ui.pages.HomePage.quit(HomePage.java:38)
at com.ui.pages.HomePage.quit(HomePage.java:38)
at com.ui.pages.HomePage.quit(HomePage.java:38)
at com.ui.pages.HomePage.quit(HomePage.java:38)
]]>
    </failure>
  </testcase> <!-- @AfterMethod tearDown -->
  <testcase classname="com.ui.test.TestBase" name="@BeforeMethod setUp" time="0.0">
    <skipped/>
  </testcase> <!-- @BeforeMethod setUp -->
  <testcase classname="com.ui.test.TestBase" name="@AfterMethod tearDown" time="0.0">
    <skipped/>
  </testcase> <!-- @AfterMethod tearDown -->
  <testcase classname="com.ui.test.LoginTest" name="loginTest" time="2.924"/>
  <testcase classname="com.ui.test.LoginTest" name="loginTest" time="0.0">
    <skipped/>
  </testcase> <!-- loginTest -->
</testsuite> <!-- Default test -->
