<?xml version="1.0" encoding="UTF-8"?>
<testng-results ignored="0" total="1" passed="1" failed="0" skipped="0">
  <reporter-output>
  </reporter-output>
  <suite started-at="2025-05-29T22:50:35 IST" name="Default suite" finished-at="2025-05-29T22:50:47 IST" duration-ms="11413">
    <groups>
      <group name="smoke">
        <method signature="LoginTest.loginTest()[pri:0, instance:com.ui.test.LoginTest@13e344d]" name="loginTest" class="com.ui.test.LoginTest"/>
      </group> <!-- smoke -->
      <group name="e2e">
        <method signature="LoginTest.loginTest()[pri:0, instance:com.ui.test.LoginTest@13e344d]" name="loginTest" class="com.ui.test.LoginTest"/>
      </group> <!-- e2e -->
    </groups>
    <test started-at="2025-05-29T22:50:35 IST" name="Default test" finished-at="2025-05-29T22:50:47 IST" duration-ms="11413">
      <class name="com.ui.test.LoginTest">
        <test-method is-config="true" signature="setUp()[pri:0, instance:com.ui.test.LoginTest@13e344d]" started-at="2025-05-29T22:50:35 IST" name="setUp" description="Load the homepage of the website" finished-at="2025-05-29T22:50:43 IST" duration-ms="7887" status="PASS">
          <reporter-output>
          </reporter-output>
        </test-method> <!-- setUp -->
        <test-method signature="loginTest()[pri:0, instance:com.ui.test.LoginTest@13e344d]" started-at="2025-05-29T22:50:43 IST" name="loginTest" description="Verify user is able to login into the application" finished-at="2025-05-29T22:50:47 IST" duration-ms="3467" status="PASS">
          <reporter-output>
          </reporter-output>
        </test-method> <!-- loginTest -->
      </class> <!-- com.ui.test.LoginTest -->
    </test> <!-- Default test -->
  </suite> <!-- Default suite -->
</testng-results>
